<?xml version="1.0" encoding="UTF-8"?>
<testng-results ignored="0" total="1" passed="1" failed="0" skipped="0">
  <reporter-output>
  </reporter-output>
  <suite started-at="2023-10-18T18:39:47 IST" name="Suite" finished-at="2023-10-18T18:39:58 IST" duration-ms="11329">
    <groups>
    </groups>
    <test started-at="2023-10-18T18:39:47 IST" name="Test" finished-at="2023-10-18T18:39:58 IST" duration-ms="11329">
      <class name="TestCases.aboluteRelativeXpathLocator">
        <test-method is-config="true" signature="setup()[pri:0, instance:TestCases.aboluteRelativeXpathLocator@63355449]" started-at="2023-10-18T18:39:47 IST" name="setup" finished-at="2023-10-18T18:39:56 IST" duration-ms="8690" status="PASS">
          <reporter-output>
          </reporter-output>
        </test-method> <!-- setup -->
        <test-method signature="login1()[pri:0, instance:TestCases.aboluteRelativeXpathLocator@63355449]" started-at="2023-10-18T18:39:56 IST" name="login1" finished-at="2023-10-18T18:39:57 IST" duration-ms="1680" status="PASS">
          <reporter-output>
          </reporter-output>
        </test-method> <!-- login1 -->
        <test-method is-config="true" signature="tearup()[pri:0, instance:TestCases.aboluteRelativeXpathLocator@63355449]" started-at="2023-10-18T18:39:57 IST" name="tearup" finished-at="2023-10-18T18:39:58 IST" duration-ms="857" status="PASS">
          <reporter-output>
          </reporter-output>
        </test-method> <!-- tearup -->
      </class> <!-- TestCases.aboluteRelativeXpathLocator -->
    </test> <!-- Test -->
  </suite> <!-- Suite -->
</testng-results>
