<?xml version="1.0" encoding="UTF-8"?>
<testng-results ignored="0" total="1" passed="1" failed="0" skipped="0">
  <reporter-output>
  </reporter-output>
  <suite started-at="2023-10-18T17:13:19 IST" name="Default suite" finished-at="2023-10-18T17:13:36 IST" duration-ms="16460">
    <groups>
    </groups>
    <test started-at="2023-10-18T17:13:19 IST" name="Default test" finished-at="2023-10-18T17:13:36 IST" duration-ms="16460">
      <class name="TestCases.BrowserStackSetup">
        <test-method is-config="true" signature="setup()[pri:0, instance:TestCases.BrowserStackSetup@173ed316]" started-at="2023-10-18T17:13:19 IST" name="setup" finished-at="2023-10-18T17:13:27 IST" duration-ms="7440" status="PASS">
          <reporter-output>
          </reporter-output>
        </test-method> <!-- setup -->
        <test-method signature="login()[pri:0, instance:TestCases.BrowserStackSetup@173ed316]" started-at="2023-10-18T17:13:27 IST" name="login" finished-at="2023-10-18T17:13:35 IST" duration-ms="8440" status="PASS">
          <reporter-output>
          </reporter-output>
        </test-method> <!-- login -->
        <test-method is-config="true" signature="tearup()[pri:0, instance:TestCases.BrowserStackSetup@173ed316]" started-at="2023-10-18T17:13:35 IST" name="tearup" finished-at="2023-10-18T17:13:36 IST" duration-ms="508" status="PASS">
          <reporter-output>
          </reporter-output>
        </test-method> <!-- tearup -->
      </class> <!-- TestCases.BrowserStackSetup -->
    </test> <!-- Default test -->
  </suite> <!-- Default suite -->
</testng-results>
